# JRE version: OpenJDK Runtime Environment (Zulu 8.84.0.15-CA-macos-aarch64) (8.0_442-b06) (build 1.8.0_442-b06)
# Java VM: OpenJDK 64-Bit Server VM (25.442-b06 mixed mode bsd-aarch64 compressed oops)
Heap:
 PSYoungGen      total 1543680K, used 343534K [0x000000066ab00000, 0x00000006e0100000, 0x00000007c0000000)
  eden space 1444352K, 19% used [0x000000066ab00000,0x000000067c0922c0,0x00000006c2d80000)
  from space 99328K, 59% used [0x00000006c2d80000,0x00000006c67695a8,0x00000006c8e80000)
  to   space 99840K, 0% used [0x00000006d9f80000,0x00000006d9f80000,0x00000006e0100000)
 ParOldGen       total 1500672K, used 418264K [0x00000003c0000000, 0x000000041b980000, 0x000000066ab00000)
  object space 1500672K, 27% used [0x00000003c0000000,0x00000003d9876158,0x000000041b980000)
 Metaspace       used 129274K, capacity 132222K, committed 132400K, reserved 1167360K
  class space    used 13738K, capacity 14350K, committed 14384K, reserved 1048576K
GC Heap History (10 events):
Event: 26.271 GC heap before
{Heap before GC invocations=13 (full 4):
 PSYoungGen      total 1040384K, used 1017344K [0x000000066ab00000, 0x00000006af700000, 0x00000007c0000000)
  eden space 1017344K, 100% used [0x000000066ab00000,0x00000006a8c80000,0x00000006a8c80000)
  from space 23040K, 0% used [0x00000006ae080000,0x00000006ae080000,0x00000006af700000)
  to   space 48640K, 0% used [0x00000006a9800000,0x00000006a9800000,0x00000006ac780000)
 ParOldGen       total 1500672K, used 343271K [0x00000003c0000000, 0x000000041b980000, 0x000000066ab00000)
  object space 1500672K, 22% used [0x00000003c0000000,0x00000003d4f39cc0,0x000000041b980000)
 Metaspace       used 122829K, capacity 125294K, committed 125488K, reserved 1161216K
  class space    used 13310K, capacity 13826K, committed 13872K, reserved 1048576K
Event: 26.293 GC heap after
Heap after GC invocations=13 (full 4):
 PSYoungGen      total 1077760K, used 48623K [0x000000066ab00000, 0x00000006c0700000, 0x00000007c0000000)
  eden space 1029120K, 0% used [0x000000066ab00000,0x000000066ab00000,0x00000006a9800000)
  from space 48640K, 99% used [0x00000006a9800000,0x00000006ac77be10,0x00000006ac780000)
  to   space 70144K, 0% used [0x00000006bc280000,0x00000006bc280000,0x00000006c0700000)
 ParOldGen       total 1500672K, used 378682K [0x00000003c0000000, 0x000000041b980000, 0x000000066ab00000)
  object space 1500672K, 25% used [0x00000003c0000000,0x00000003d71ceaa0,0x000000041b980000)
 Metaspace       used 122829K, capacity 125294K, committed 125488K, reserved 1161216K
  class space    used 13310K, capacity 13826K, committed 13872K, reserved 1048576K
}
Event: 79.473 GC heap before
{Heap before GC invocations=14 (full 4):
 PSYoungGen      total 1077760K, used 1077743K [0x000000066ab00000, 0x00000006c0700000, 0x00000007c0000000)
  eden space 1029120K, 100% used [0x000000066ab00000,0x00000006a9800000,0x00000006a9800000)
  from space 48640K, 99% used [0x00000006a9800000,0x00000006ac77be10,0x00000006ac780000)
  to   space 70144K, 0% used [0x00000006bc280000,0x00000006bc280000,0x00000006c0700000)
 ParOldGen       total 1500672K, used 378684K [0x00000003c0000000, 0x000000041b980000, 0x000000066ab00000)
  object space 1500672K, 25% used [0x00000003c0000000,0x00000003d71cf318,0x000000041b980000)
 Metaspace       used 126100K, capacity 128908K, committed 129072K, reserved 1165312K
  class space    used 13474K, capacity 14057K, committed 14128K, reserved 1048576K
Event: 79.494 GC heap after
Heap after GC invocations=14 (full 4):
 PSYoungGen      total 1308672K, used 70140K [0x000000066ab00000, 0x00000006c1e80000, 0x00000007c0000000)
  eden space 1238528K, 0% used [0x000000066ab00000,0x000000066ab00000,0x00000006b6480000)
  from space 70144K, 99% used [0x00000006bc280000,0x00000006c06ff118,0x00000006c0700000)
  to   space 95232K, 0% used [0x00000006b6480000,0x00000006b6480000,0x00000006bc180000)
 ParOldGen       total 1500672K, used 418240K [0x00000003c0000000, 0x000000041b980000, 0x000000066ab00000)
  object space 1500672K, 27% used [0x00000003c0000000,0x00000003d9870158,0x000000041b980000)
 Metaspace       used 126100K, capacity 128908K, committed 129072K, reserved 1165312K
  class space    used 13474K, capacity 14057K, committed 14128K, reserved 1048576K
}
Event: 512.873 GC heap before
{Heap before GC invocations=15 (full 4):
 PSYoungGen      total 1308672K, used 1308668K [0x000000066ab00000, 0x00000006c1e80000, 0x00000007c0000000)
  eden space 1238528K, 100% used [0x000000066ab00000,0x00000006b6480000,0x00000006b6480000)
  from space 70144K, 99% used [0x00000006bc280000,0x00000006c06ff118,0x00000006c0700000)
  to   space 95232K, 0% used [0x00000006b6480000,0x00000006b6480000,0x00000006bc180000)
 ParOldGen       total 1500672K, used 418240K [0x00000003c0000000, 0x000000041b980000, 0x000000066ab00000)
  object space 1500672K, 27% used [0x00000003c0000000,0x00000003d9870158,0x000000041b980000)
 Metaspace       used 128205K, capacity 131242K, committed 131376K, reserved 1167360K
  class space    used 13655K, capacity 14266K, committed 14384K, reserved 1048576K
Event: 512.892 GC heap after
Heap after GC invocations=15 (full 4):
 PSYoungGen      total 1333760K, used 61603K [0x000000066ab00000, 0x00000006cee80000, 0x00000007c0000000)
  eden space 1238528K, 0% used [0x000000066ab00000,0x000000066ab00000,0x00000006b6480000)
  from space 95232K, 64% used [0x00000006b6480000,0x00000006ba0a8c48,0x00000006bc180000)
  to   space 98304K, 0% used [0x00000006c8e80000,0x00000006c8e80000,0x00000006cee80000)
 ParOldGen       total 1500672K, used 418248K [0x00000003c0000000, 0x000000041b980000, 0x000000066ab00000)
  object space 1500672K, 27% used [0x00000003c0000000,0x00000003d9872158,0x000000041b980000)
 Metaspace       used 128205K, capacity 131242K, committed 131376K, reserved 1167360K
  class space    used 13655K, capacity 14266K, committed 14384K, reserved 1048576K
}
Event: 513.875 GC heap before
{Heap before GC invocations=16 (full 4):
 PSYoungGen      total 1333760K, used 1300131K [0x000000066ab00000, 0x00000006cee80000, 0x00000007c0000000)
  eden space 1238528K, 100% used [0x000000066ab00000,0x00000006b6480000,0x00000006b6480000)
  from space 95232K, 64% used [0x00000006b6480000,0x00000006ba0a8c48,0x00000006bc180000)
  to   space 98304K, 0% used [0x00000006c8e80000,0x00000006c8e80000,0x00000006cee80000)
 ParOldGen       total 1500672K, used 418248K [0x00000003c0000000, 0x000000041b980000, 0x000000066ab00000)
  object space 1500672K, 27% used [0x00000003c0000000,0x00000003d9872158,0x000000041b980000)
 Metaspace       used 128885K, capacity 131838K, committed 132144K, reserved 1167360K
  class space    used 13707K, capacity 14312K, committed 14384K, reserved 1048576K
Event: 513.895 GC heap after
Heap after GC invocations=16 (full 4):
 PSYoungGen      total 1542656K, used 59650K [0x000000066ab00000, 0x00000006d0780000, 0x00000007c0000000)
  eden space 1444352K, 0% used [0x000000066ab00000,0x000000066ab00000,0x00000006c2d80000)
  from space 98304K, 60% used [0x00000006c8e80000,0x00000006cc8c0ab8,0x00000006cee80000)
  to   space 99328K, 0% used [0x00000006c2d80000,0x00000006c2d80000,0x00000006c8e80000)
 ParOldGen       total 1500672K, used 418256K [0x00000003c0000000, 0x000000041b980000, 0x000000066ab00000)
  object space 1500672K, 27% used [0x00000003c0000000,0x00000003d9874158,0x000000041b980000)
 Metaspace       used 128885K, capacity 131838K, committed 132144K, reserved 1167360K
  class space    used 13707K, capacity 14312K, committed 14384K, reserved 1048576K
}
Event: 515.037 GC heap before
{Heap before GC invocations=17 (full 4):
 PSYoungGen      total 1542656K, used 1504002K [0x000000066ab00000, 0x00000006d0780000, 0x00000007c0000000)
  eden space 1444352K, 100% used [0x000000066ab00000,0x00000006c2d80000,0x00000006c2d80000)
  from space 98304K, 60% used [0x00000006c8e80000,0x00000006cc8c0ab8,0x00000006cee80000)
  to   space 99328K, 0% used [0x00000006c2d80000,0x00000006c2d80000,0x00000006c8e80000)
 ParOldGen       total 1500672K, used 418256K [0x00000003c0000000, 0x000000041b980000, 0x000000066ab00000)
  object space 1500672K, 27% used [0x00000003c0000000,0x00000003d9874158,0x000000041b980000)
 Metaspace       used 129181K, capacity 132100K, committed 132400K, reserved 1167360K
  class space    used 13725K, capacity 14313K, committed 14384K, reserved 1048576K
Event: 515.056 GC heap after
Heap after GC invocations=17 (full 4):
 PSYoungGen      total 1543680K, used 59301K [0x000000066ab00000, 0x00000006e0100000, 0x00000007c0000000)
  eden space 1444352K, 0% used [0x000000066ab00000,0x000000066ab00000,0x00000006c2d80000)
  from space 99328K, 59% used [0x00000006c2d80000,0x00000006c67695a8,0x00000006c8e80000)
  to   space 99840K, 0% used [0x00000006d9f80000,0x00000006d9f80000,0x00000006e0100000)
 ParOldGen       total 1500672K, used 418264K [0x00000003c0000000, 0x000000041b980000, 0x000000066ab00000)
  object space 1500672K, 27% used [0x00000003c0000000,0x00000003d9876158,0x000000041b980000)
 Metaspace       used 129181K, capacity 132100K, committed 132400K, reserved 1167360K
  class space    used 13725K, capacity 14313K, committed 14384K, reserved 1048576K
}

